0 info it worked if it ends with ok
1 verbose cli [ '/usr/bin/nodejs', '/usr/bin/npm', 'run', 'dev' ]
2 info using npm@3.10.10
3 info using node@v6.11.0
4 verbose run-script [ 'predev', 'dev', 'postdev' ]
5 info lifecycle pell@0.4.0~predev: pell@0.4.0
6 silly lifecycle pell@0.4.0~predev: no script for predev, continuing
7 info lifecycle pell@0.4.0~dev: pell@0.4.0
8 verbose lifecycle pell@0.4.0~dev: unsafe-perm in lifecycle true
9 verbose lifecycle pell@0.4.0~dev: PATH: /usr/lib/node_modules/npm/bin/node-gyp-bin:/home/mike/Desktop/pell/node_modules/.bin:/home/mike/.sdkman/candidates/kotlin/current/bin:/home/mike/bin:/home/mike/.local/bin:/usr/local/sbin:/usr/local/bin:/usr/sbin:/usr/bin:/sbin:/bin:/usr/games:/usr/local/games:/snap/bin:/home/mike/.shoes/walkabout/:/home/mike/.vimpkg/bin
10 verbose lifecycle pell@0.4.0~dev: CWD: /home/mike/Desktop/pell
11 silly lifecycle pell@0.4.0~dev: Args: [ '-c', 'gulp' ]
12 silly lifecycle pell@0.4.0~dev: Returned: code: 1  signal: null
13 info lifecycle pell@0.4.0~dev: Failed to exec dev script
14 verbose stack Error: pell@0.4.0 dev: `gulp`
14 verbose stack Exit status 1
14 verbose stack     at EventEmitter.<anonymous> (/usr/lib/node_modules/npm/lib/utils/lifecycle.js:255:16)
14 verbose stack     at emitTwo (events.js:106:13)
14 verbose stack     at EventEmitter.emit (events.js:191:7)
14 verbose stack     at ChildProcess.<anonymous> (/usr/lib/node_modules/npm/lib/utils/spawn.js:40:14)
14 verbose stack     at emitTwo (events.js:106:13)
14 verbose stack     at ChildProcess.emit (events.js:191:7)
14 verbose stack     at maybeClose (internal/child_process.js:891:16)
14 verbose stack     at Process.ChildProcess._handle.onexit (internal/child_process.js:226:5)
15 verbose pkgid pell@0.4.0
16 verbose cwd /home/mike/Desktop/pell
17 error Linux 4.4.0-83-generic
18 error argv "/usr/bin/nodejs" "/usr/bin/npm" "run" "dev"
19 error node v6.11.0
20 error npm  v3.10.10
21 error code ELIFECYCLE
22 error pell@0.4.0 dev: `gulp`
22 error Exit status 1
23 error Failed at the pell@0.4.0 dev script 'gulp'.
23 error Make sure you have the latest version of node.js and npm installed.
23 error If you do, this is most likely a problem with the pell package,
23 error not with npm itself.
23 error Tell the author that this fails on your system:
23 error     gulp
23 error You can get information on how to open an issue for this project with:
23 error     npm bugs pell
23 error Or if that isn't available, you can get their info via:
23 error     npm owner ls pell
23 error There is likely additional logging output above.
24 verbose exit [ 1, true ]
